<?xml version="1.0" encoding="UTF-8" standalone="no"?>
<!DOCTYPE log SYSTEM "logger.dtd">
<log>
<record>
  <date>2018-04-26T14:11:02.296-0300</date>
  <logger>LUCAS ANTHONY FERREIRA DE OLIVEIRA</logger>
  <level>FINE</level>
  <message>File 116110367-LUCAS ANTHONY FERREIRA DE OLIVEIRA.zip was received. It was sent by LUCAS ANTHONY FERREIRA DE OLIVEIRA from IP 150.165.42.112</message>
</record>
</log>
<?xml version="1.0" encoding="UTF-8" standalone="no"?>
<!DOCTYPE log SYSTEM "logger.dtd">
<log>
<record>
  <date>2018-04-26T14:58:42.087-0300</date>
  <logger>LUCAS ANTHONY FERREIRA DE OLIVEIRA</logger>
  <level>FINE</level>
  <message>File 116110367-LUCAS ANTHONY FERREIRA DE OLIVEIRA.zip was received. It was sent by LUCAS ANTHONY FERREIRA DE OLIVEIRA from IP 150.165.42.115</message>
</record>
</log>
<?xml version="1.0" encoding="UTF-8" standalone="no"?>
<!DOCTYPE log SYSTEM "logger.dtd">
<log>
<record>
  <date>2018-04-26T15:39:49.649-0300</date>
  <logger>LUCAS ANTHONY FERREIRA DE OLIVEIRA</logger>
  <level>FINE</level>
  <message>File 116110367-LUCAS ANTHONY FERREIRA DE OLIVEIRA.zip was received. It was sent by LUCAS ANTHONY FERREIRA DE OLIVEIRA from IP 150.165.42.115</message>
</record>
</log>
<?xml version="1.0" encoding="UTF-8" standalone="no"?>
<!DOCTYPE log SYSTEM "logger.dtd">
<log>
<record>
  <date>2018-04-26T15:41:14.854-0300</date>
  <logger>LUCAS ANTHONY FERREIRA DE OLIVEIRA</logger>
  <level>FINE</level>
  <message>File 116110367-LUCAS ANTHONY FERREIRA DE OLIVEIRA.zip was received. It was sent by LUCAS ANTHONY FERREIRA DE OLIVEIRA from IP 150.165.42.115</message>
</record>
</log>
<?xml version="1.0" encoding="UTF-8" standalone="no"?>
<!DOCTYPE log SYSTEM "logger.dtd">
<log>
<record>
  <date>2018-04-26T15:42:23.228-0300</date>
  <logger>LUCAS ANTHONY FERREIRA DE OLIVEIRA</logger>
  <level>FINE</level>
  <message>File 116110367-LUCAS ANTHONY FERREIRA DE OLIVEIRA.zip was received. It was sent by LUCAS ANTHONY FERREIRA DE OLIVEIRA from IP 150.165.42.115</message>
</record>
