<?xml version="1.0" encoding="UTF-8" standalone="no"?>
<!DOCTYPE log SYSTEM "logger.dtd">
<log>
<record>
  <date>2018-05-24T19:49:21.914-0300</date>
  <logger>LUCAS ANTHONY FERREIRA DE OLIVEIRA</logger>
  <level>FINE</level>
  <message>File 116110367-LUCAS ANTHONY FERREIRA DE OLIVEIRA.zip was received. It was sent by LUCAS ANTHONY FERREIRA DE OLIVEIRA from IP 192.168.200.112</message>
</record>
</log>
<?xml version="1.0" encoding="UTF-8" standalone="no"?>
<!DOCTYPE log SYSTEM "logger.dtd">
<log>
<record>
  <date>2018-05-24T20:30:45.825-0300</date>
  <logger>LUCAS ANTHONY FERREIRA DE OLIVEIRA</logger>
  <level>FINE</level>
  <message>File 116110367-LUCAS ANTHONY FERREIRA DE OLIVEIRA.zip was received. It was sent by LUCAS ANTHONY FERREIRA DE OLIVEIRA from IP 192.168.200.112</message>
</record>
</log>
<?xml version="1.0" encoding="UTF-8" standalone="no"?>
<!DOCTYPE log SYSTEM "logger.dtd">
<log>
<record>
  <date>2018-05-24T21:36:12.055-0300</date>
  <logger>LUCAS ANTHONY FERREIRA DE OLIVEIRA</logger>
  <level>FINE</level>
  <message>File 116110367-LUCAS ANTHONY FERREIRA DE OLIVEIRA.zip was received. It was sent by LUCAS ANTHONY FERREIRA DE OLIVEIRA from IP 192.168.200.112</message>
</record>
</log>
<?xml version="1.0" encoding="UTF-8" standalone="no"?>
<!DOCTYPE log SYSTEM "logger.dtd">
<log>
<record>
  <date>2018-05-24T22:15:37.602-0300</date>
  <logger>LUCAS ANTHONY FERREIRA DE OLIVEIRA</logger>
  <level>FINE</level>
  <message>File 116110367-LUCAS ANTHONY FERREIRA DE OLIVEIRA.zip was received. It was sent by LUCAS ANTHONY FERREIRA DE OLIVEIRA from IP 192.168.200.112</message>
</record>
</log>
<?xml version="1.0" encoding="UTF-8" standalone="no"?>
<!DOCTYPE log SYSTEM "logger.dtd">
<log>
<record>
  <date>2018-05-25T09:32:36.801-0300</date>
  <logger>LUCAS ANTHONY FERREIRA DE OLIVEIRA</logger>
  <level>FINE</level>
  <message>File 116110367-LUCAS ANTHONY FERREIRA DE OLIVEIRA.zip was received. It was sent by LUCAS ANTHONY FERREIRA DE OLIVEIRA from IP 192.168.200.112</message>
</record>
</log>
<?xml version="1.0" encoding="UTF-8" standalone="no"?>
<!DOCTYPE log SYSTEM "logger.dtd">
<log>
<record>
  <date>2018-05-25T09:34:49.700-0300</date>
  <logger>LUCAS ANTHONY FERREIRA DE OLIVEIRA</logger>
  <level>FINE</level>
  <message>File 116110367-LUCAS ANTHONY FERREIRA DE OLIVEIRA.zip was received. It was sent by LUCAS ANTHONY FERREIRA DE OLIVEIRA from IP 192.168.200.112</message>
</record>
