<?xml version="1.0" encoding="UTF-8" standalone="no"?>
<!DOCTYPE log SYSTEM "logger.dtd">
<log>
<record>
  <date>2018-06-04T16:08:16.228-0300</date>
  <logger>LUCAS ANTHONY FERREIRA DE OLIVEIRA</logger>
  <level>FINE</level>
  <message>File 116110367-LUCAS ANTHONY FERREIRA DE OLIVEIRA.zip was received. It was sent by LUCAS ANTHONY FERREIRA DE OLIVEIRA from IP 192.168.200.112</message>
</record>
</log>
<?xml version="1.0" encoding="UTF-8" standalone="no"?>
<!DOCTYPE log SYSTEM "logger.dtd">
<log>
<record>
  <date>2018-06-04T20:33:05.454-0300</date>
  <logger>LUCAS ANTHONY FERREIRA DE OLIVEIRA</logger>
  <level>FINE</level>
  <message>File 116110367-LUCAS ANTHONY FERREIRA DE OLIVEIRA.zip was received. It was sent by LUCAS ANTHONY FERREIRA DE OLIVEIRA from IP 192.168.200.112</message>
</record>
</log>
<?xml version="1.0" encoding="UTF-8" standalone="no"?>
<!DOCTYPE log SYSTEM "logger.dtd">
<log>
<record>
  <date>2018-06-04T22:23:33.612-0300</date>
  <logger>LUCAS ANTHONY FERREIRA DE OLIVEIRA</logger>
  <level>FINE</level>
  <message>File 116110367-LUCAS ANTHONY FERREIRA DE OLIVEIRA.zip was received. It was sent by LUCAS ANTHONY FERREIRA DE OLIVEIRA from IP 192.168.200.112</message>
</record>
</log>
<?xml version="1.0" encoding="UTF-8" standalone="no"?>
<!DOCTYPE log SYSTEM "logger.dtd">
<log>
<record>
  <date>2018-06-04T22:35:11.508-0300</date>
  <logger>LUCAS ANTHONY FERREIRA DE OLIVEIRA</logger>
  <level>FINE</level>
  <message>File 116110367-LUCAS ANTHONY FERREIRA DE OLIVEIRA.zip was received. It was sent by LUCAS ANTHONY FERREIRA DE OLIVEIRA from IP 192.168.200.112</message>
</record>
</log>
<?xml version="1.0" encoding="UTF-8" standalone="no"?>
<!DOCTYPE log SYSTEM "logger.dtd">
<log>
<record>
  <date>2018-06-04T22:38:03.369-0300</date>
  <logger>LUCAS ANTHONY FERREIRA DE OLIVEIRA</logger>
  <level>FINE</level>
  <message>File 116110367-LUCAS ANTHONY FERREIRA DE OLIVEIRA.zip was received. It was sent by LUCAS ANTHONY FERREIRA DE OLIVEIRA from IP 192.168.200.112</message>
</record>
</log>
<?xml version="1.0" encoding="UTF-8" standalone="no"?>
<!DOCTYPE log SYSTEM "logger.dtd">
<log>
<record>
  <date>2018-06-05T08:51:46.266-0300</date>
  <logger>LUCAS ANTHONY FERREIRA DE OLIVEIRA</logger>
  <level>FINE</level>
  <message>File 116110367-LUCAS ANTHONY FERREIRA DE OLIVEIRA.zip was received. It was sent by LUCAS ANTHONY FERREIRA DE OLIVEIRA from IP 192.168.200.112</message>
</record>
</log>
<?xml version="1.0" encoding="UTF-8" standalone="no"?>
<!DOCTYPE log SYSTEM "logger.dtd">
<log>
<record>
  <date>2018-06-05T09:16:59.116-0300</date>
  <logger>LUCAS ANTHONY FERREIRA DE OLIVEIRA</logger>
  <level>FINE</level>
  <message>File 116110367-LUCAS ANTHONY FERREIRA DE OLIVEIRA.zip was received. It was sent by LUCAS ANTHONY FERREIRA DE OLIVEIRA from IP 192.168.200.112</message>
</record>
</log>
<?xml version="1.0" encoding="UTF-8" standalone="no"?>
<!DOCTYPE log SYSTEM "logger.dtd">
<log>
<record>
  <date>2018-06-06T18:53:45.407-0300</date>
  <logger>LUCAS ANTHONY FERREIRA DE OLIVEIRA</logger>
  <level>FINE</level>
  <message>File 116110367-LUCAS ANTHONY FERREIRA DE OLIVEIRA.zip was received. It was sent by LUCAS ANTHONY FERREIRA DE OLIVEIRA from IP 192.168.200.112</message>
</record>
