<?xml version="1.0" encoding="UTF-8" standalone="no"?>
<!DOCTYPE log SYSTEM "logger.dtd">
<log>
<record>
  <date>2018-06-07T14:05:37.400-0300</date>
  <logger>LUCAS ANTHONY FERREIRA DE OLIVEIRA</logger>
  <level>FINE</level>
  <message>File 116110367-LUCAS ANTHONY FERREIRA DE OLIVEIRA.zip was received. It was sent by LUCAS ANTHONY FERREIRA DE OLIVEIRA from IP 192.168.200.112</message>
</record>
</log>
<?xml version="1.0" encoding="UTF-8" standalone="no"?>
<!DOCTYPE log SYSTEM "logger.dtd">
<log>
<record>
  <date>2018-06-07T14:19:49.974-0300</date>
  <logger>LUCAS ANTHONY FERREIRA DE OLIVEIRA</logger>
  <level>FINE</level>
  <message>File 116110367-LUCAS ANTHONY FERREIRA DE OLIVEIRA.zip was received. It was sent by LUCAS ANTHONY FERREIRA DE OLIVEIRA from IP 192.168.200.112</message>
</record>
</log>
<?xml version="1.0" encoding="UTF-8" standalone="no"?>
<!DOCTYPE log SYSTEM "logger.dtd">
<log>
<record>
  <date>2018-06-07T14:40:25.951-0300</date>
  <logger>LUCAS ANTHONY FERREIRA DE OLIVEIRA</logger>
  <level>FINE</level>
  <message>File 116110367-LUCAS ANTHONY FERREIRA DE OLIVEIRA.zip was received. It was sent by LUCAS ANTHONY FERREIRA DE OLIVEIRA from IP 192.168.200.112</message>
</record>
</log>
<?xml version="1.0" encoding="UTF-8" standalone="no"?>
<!DOCTYPE log SYSTEM "logger.dtd">
<log>
<record>
  <date>2018-06-07T14:42:23.358-0300</date>
  <logger>LUCAS ANTHONY FERREIRA DE OLIVEIRA</logger>
  <level>FINE</level>
  <message>File 116110367-LUCAS ANTHONY FERREIRA DE OLIVEIRA.zip was received. It was sent by LUCAS ANTHONY FERREIRA DE OLIVEIRA from IP 192.168.200.112</message>
</record>
