<?xml version="1.0" encoding="UTF-8" standalone="no"?>
<!DOCTYPE log SYSTEM "logger.dtd">
<log>
<record>
  <date>2018-05-28T16:05:26.794-0300</date>
  <logger>LUCAS ANTHONY FERREIRA DE OLIVEIRA</logger>
  <level>FINE</level>
  <message>File 116110367-LUCAS ANTHONY FERREIRA DE OLIVEIRA.zip was received. It was sent by LUCAS ANTHONY FERREIRA DE OLIVEIRA from IP 192.168.200.112</message>
</record>
</log>
<?xml version="1.0" encoding="UTF-8" standalone="no"?>
<!DOCTYPE log SYSTEM "logger.dtd">
<log>
<record>
  <date>2018-05-28T16:10:47.026-0300</date>
  <logger>LUCAS ANTHONY FERREIRA DE OLIVEIRA</logger>
  <level>FINE</level>
  <message>File 116110367-LUCAS ANTHONY FERREIRA DE OLIVEIRA.zip was received. It was sent by LUCAS ANTHONY FERREIRA DE OLIVEIRA from IP 192.168.200.112</message>
</record>
</log>
<?xml version="1.0" encoding="UTF-8" standalone="no"?>
<!DOCTYPE log SYSTEM "logger.dtd">
<log>
<record>
  <date>2018-05-28T18:28:16.510-0300</date>
  <logger>LUCAS ANTHONY FERREIRA DE OLIVEIRA</logger>
  <level>FINE</level>
  <message>File 116110367-LUCAS ANTHONY FERREIRA DE OLIVEIRA.zip was received. It was sent by LUCAS ANTHONY FERREIRA DE OLIVEIRA from IP 192.168.200.112</message>
</record>
</log>
<?xml version="1.0" encoding="UTF-8" standalone="no"?>
<!DOCTYPE log SYSTEM "logger.dtd">
<log>
<record>
  <date>2018-05-29T09:20:53.951-0300</date>
  <logger>LUCAS ANTHONY FERREIRA DE OLIVEIRA</logger>
  <level>FINE</level>
  <message>File 116110367-LUCAS ANTHONY FERREIRA DE OLIVEIRA.zip was received. It was sent by LUCAS ANTHONY FERREIRA DE OLIVEIRA from IP 192.168.200.112</message>
</record>
</log>
<?xml version="1.0" encoding="UTF-8" standalone="no"?>
<!DOCTYPE log SYSTEM "logger.dtd">
<log>
<record>
  <date>2018-05-29T09:31:34.202-0300</date>
  <logger>LUCAS ANTHONY FERREIRA DE OLIVEIRA</logger>
  <level>FINE</level>
  <message>File 116110367-LUCAS ANTHONY FERREIRA DE OLIVEIRA.zip was received. It was sent by LUCAS ANTHONY FERREIRA DE OLIVEIRA from IP 192.168.200.112</message>
</record>
</log>
<?xml version="1.0" encoding="UTF-8" standalone="no"?>
<!DOCTYPE log SYSTEM "logger.dtd">
<log>
<record>
  <date>2018-05-29T17:55:01.226-0300</date>
  <logger>LUCAS ANTHONY FERREIRA DE OLIVEIRA</logger>
  <level>FINE</level>
  <message>File 116110367-LUCAS ANTHONY FERREIRA DE OLIVEIRA.zip was received. It was sent by LUCAS ANTHONY FERREIRA DE OLIVEIRA from IP 192.168.200.112</message>
</record>
